Using pre-set license
Built from '2021.3/staging' branch; Version is '2021.3.6f1 (7da38d85baf6) revision 8233869'; Using compiler version '192829333'; Build Type 'Release'
OS: 'Windows 10  (10.0.19043) 64bit Professional' Language: 'en' Physical Memory: 16335 MB
BatchMode: 1, IsHumanControllingUs: 0, StartBugReporterOnCrash: 0, Is64bit: 1, IsPro: 1

COMMAND LINE ARGUMENTS:
C:\Program Files\Unity\Hub\Editor\2021.3.6f1\Editor\Unity.exe
-adb2
-batchMode
-noUpm
-name
AssetImportWorker2
-projectPath
C:/Users/Elliot/Documents/GitHub/Fungeon/Fungeon
-logFile
Logs/AssetImportWorker2.log
-srvPort
55986
Successfully changed project path to: C:/Users/Elliot/Documents/GitHub/Fungeon/Fungeon
C:/Users/Elliot/Documents/GitHub/Fungeon/Fungeon
[UnityMemory] Configuration Parameters - Can be set up in boot.config
    "memorysetup-bucket-allocator-granularity=16"
    "memorysetup-bucket-allocator-bucket-count=8"
    "memorysetup-bucket-allocator-block-size=33554432"
    "memorysetup-bucket-allocator-block-count=8"
    "memorysetup-main-allocator-block-size=16777216"
    "memorysetup-thread-allocator-block-size=16777216"
    "memorysetup-gfx-main-allocator-block-size=16777216"
    "memorysetup-gfx-thread-allocator-block-size=16777216"
    "memorysetup-cache-allocator-block-size=4194304"
    "memorysetup-typetree-allocator-block-size=2097152"
    "memorysetup-profiler-bucket-allocator-granularity=16"
    "memorysetup-profiler-bucket-allocator-bucket-count=8"
    "memorysetup-profiler-bucket-allocator-block-size=33554432"
    "memorysetup-profiler-bucket-allocator-block-count=8"
    "memorysetup-profiler-allocator-block-size=16777216"
    "memorysetup-profiler-editor-allocator-block-size=1048576"
    "memorysetup-temp-allocator-size-main=16777216"
    "memorysetup-job-temp-allocator-block-size=2097152"
    "memorysetup-job-temp-allocator-block-size-background=1048576"
    "memorysetup-job-temp-allocator-reduction-small-platforms=262144"
    "memorysetup-temp-allocator-size-background-worker=32768"
    "memorysetup-temp-allocator-size-job-worker=262144"
    "memorysetup-temp-allocator-size-preload-manager=33554432"
    "memorysetup-temp-allocator-size-nav-mesh-worker=65536"
    "memorysetup-temp-allocator-size-audio-worker=65536"
    "memorysetup-temp-allocator-size-cloud-worker=32768"
    "memorysetup-temp-allocator-size-gi-baking-worker=262144"
    "memorysetup-temp-allocator-size-gfx=262144"
Refreshing native plugins compatible for Editor in 72.90 ms, found 3 plugins.
Preloading 0 native plugins for Editor in 0.00 ms.
Initialize engine version: 2021.3.6f1 (7da38d85baf6)
[Subsystems] Discovering subsystems at path C:/Program Files/Unity/Hub/Editor/2021.3.6f1/Editor/Data/Resources/UnitySubsystems
[Subsystems] Discovering subsystems at path C:/Users/Elliot/Documents/GitHub/Fungeon/Fungeon/Assets
GfxDevice: creating device client; threaded=0; jobified=0
Direct3D:
    Version:  Direct3D 11.0 [level 11.1]
    Renderer: NVIDIA GeForce GTX 980 (ID=0x13c0)
    Vendor:   NVIDIA
    VRAM:     4053 MB
    Driver:   30.0.14.9613
Initialize mono
Mono path[0] = 'C:/Program Files/Unity/Hub/Editor/2021.3.6f1/Editor/Data/Managed'
Mono path[1] = 'C:/Program Files/Unity/Hub/Editor/2021.3.6f1/Editor/Data/MonoBleedingEdge/lib/mono/unityjit-win32'
Mono config path = 'C:/Program Files/Unity/Hub/Editor/2021.3.6f1/Editor/Data/MonoBleedingEdge/etc'
Using monoOptions --debugger-agent=transport=dt_socket,embedding=1,server=y,suspend=n,address=127.0.0.1:56004
Begin MonoManager ReloadAssembly
Registering precompiled unity dll's ...
Register platform support module: C:/Program Files/Unity/Hub/Editor/2021.3.6f1/Editor/Data/PlaybackEngines/AndroidPlayer/UnityEditor.Android.Extensions.dll
Register platform support module: C:/Program Files/Unity/Hub/Editor/2021.3.6f1/Editor/Data/PlaybackEngines/WindowsStandaloneSupport/UnityEditor.WindowsStandalone.Extensions.dll
Registered in 0.019674 seconds.
Native extension for WindowsStandalone target not found
Native extension for Android target not found
Refreshing native plugins compatible for Editor in 60.76 ms, found 3 plugins.
Preloading 0 native plugins for Editor in 0.00 ms.
Mono: successfully reloaded assembly
- Completed reload, in  0.863 seconds
Domain Reload Profiling:
	ReloadAssembly (864ms)
		BeginReloadAssembly (101ms)
			ExecutionOrderSort (0ms)
			DisableScriptedObjects (0ms)
			BackupInstance (0ms)
			ReleaseScriptingObjects (0ms)
			CreateAndSetChildDomain (1ms)
		EndReloadAssembly (583ms)
			LoadAssemblies (96ms)
			RebuildTransferFunctionScriptingTraits (0ms)
			SetupTypeCache (147ms)
			ReleaseScriptCaches (0ms)
			RebuildScriptCaches (34ms)
			SetupLoadedEditorAssemblies (332ms)
				LogAssemblyErrors (0ms)
				InitializePlatformSupportModulesInManaged (79ms)
				SetLoadedEditorAssemblies (0ms)
				RefreshPlugins (61ms)
				BeforeProcessingInitializeOnLoad (1ms)
				ProcessInitializeOnLoadAttributes (123ms)
				ProcessInitializeOnLoadMethodAttributes (68ms)
				AfterProcessingInitializeOnLoad (0ms)
				EditorAssembliesLoaded (0ms)
			ExecutionOrderSort2 (0ms)
			AwakeInstancesAfterBackupRestoration (0ms)
Platform modules already initialized, skipping
Registering precompiled user dll's ...
Registered in 0.013360 seconds.
Android Extension - Scanning For ADB Devices 720 ms
Begin MonoManager ReloadAssembly
Native extension for WindowsStandalone target not found
Native extension for Android target not found
Refreshing native plugins compatible for Editor in 58.04 ms, found 3 plugins.
Preloading 0 native plugins for Editor in 0.00 ms.
Mono: successfully reloaded assembly
Package Manager log level set to [2]
- Completed reload, in  1.289 seconds
Domain Reload Profiling:
	ReloadAssembly (1290ms)
		BeginReloadAssembly (141ms)
			ExecutionOrderSort (0ms)
			DisableScriptedObjects (7ms)
			BackupInstance (0ms)
			ReleaseScriptingObjects (0ms)
			CreateAndSetChildDomain (22ms)
		EndReloadAssembly (996ms)
			LoadAssemblies (115ms)
			RebuildTransferFunctionScriptingTraits (0ms)
			SetupTypeCache (238ms)
			ReleaseScriptCaches (1ms)
			RebuildScriptCaches (55ms)
			SetupLoadedEditorAssemblies (530ms)
				LogAssemblyErrors (0ms)
				InitializePlatformSupportModulesInManaged (19ms)
				SetLoadedEditorAssemblies (0ms)
				RefreshPlugins (58ms)
				BeforeProcessingInitializeOnLoad (108ms)
				ProcessInitializeOnLoadAttributes (278ms)
				ProcessInitializeOnLoadMethodAttributes (51ms)
				AfterProcessingInitializeOnLoad (15ms)
				EditorAssembliesLoaded (0ms)
			ExecutionOrderSort2 (0ms)
			AwakeInstancesAfterBackupRestoration (8ms)
Platform modules already initialized, skipping
========================================================================
Worker process is ready to serve import requests
Launched and connected shader compiler UnityShaderCompiler.exe after 0.05 seconds
Refreshing native plugins compatible for Editor in 0.66 ms, found 3 plugins.
Preloading 0 native plugins for Editor in 0.00 ms.
Unloading 2626 Unused Serialized files (Serialized files now loaded: 0)
Unloading 38 unused Assets / (55.5 KB). Loaded Objects now: 3090.
Memory consumption went from 116.0 MB to 116.0 MB.
Total: 3.926900 ms (FindLiveObjects: 0.324000 ms CreateObjectMapping: 0.071100 ms MarkObjects: 3.434400 ms  DeleteObjects: 0.096200 ms)

AssetImportParameters requested are different than current active one (requested -> active):
  custom:video-decoder-ogg-theora: a1e56fd34408186e4bbccfd4996cb3dc -> 
  custom:container-muxer-webm: aa71ff27fc2769a1b78a27578f13a17b -> 
  custom:container-demuxer-webm: 4f35f7cbe854078d1ac9338744f61a02 -> 
  custom:video-encoder-webm-vp8: eb34c28f22e8b96e1ab97ce403110664 -> 
  custom:audio-encoder-webm-vorbis: bf7c407c2cedff20999df2af8eb42d56 -> 
  custom:framework-win-MediaFoundation: 216162199b28c13a410421893ffa2e32 -> 
  custom:container-demuxer-ogg: 62fdf1f143b41e24485cea50d1cbac27 -> 
  custom:video-decoder-webm-vp8: 9c59270c3fd7afecdb556c50c9e8de78 -> 
  custom:audio-decoder-ogg-vorbis: bf7c407c2cedff20999df2af8eb42d56 -> 
========================================================================
Received Import Request.
  Time since last request: 17714.720454 seconds.
  path: Packages/com.unity.2d.sprite
  artifactKey: Guid(0901a6b758d060e9422c4f8d588d5895) Importer(815301076,1909f56bfc062723c751e8b465ee728b)
Start importing Packages/com.unity.2d.sprite using Guid(0901a6b758d060e9422c4f8d588d5895) Importer(815301076,1909f56bfc062723c751e8b465ee728b)  -> (artifact id: '2214c561e54f21afc32773d6d2893b48') in 0.008145 seconds 
========================================================================
Received Import Request.
  Time since last request: 1.241418 seconds.
  path: Packages/com.unity.2d.sprite/Editor
  artifactKey: Guid(16fa2ad734f422245b86558310973ad1) Importer(815301076,1909f56bfc062723c751e8b465ee728b)
Start importing Packages/com.unity.2d.sprite/Editor using Guid(16fa2ad734f422245b86558310973ad1) Importer(815301076,1909f56bfc062723c751e8b465ee728b)  -> (artifact id: 'bd437c9f89dba141f94ea432dcfd6a45') in 0.003132 seconds 
========================================================================
Received Import Request.
  Time since last request: 0.056764 seconds.
  path: Packages/com.unity.2d.sprite/Editor/Unity.2D.Sprite.Editor.asmdef
  artifactKey: Guid(2c573e6b271651846a79655161004c5b) Importer(815301076,1909f56bfc062723c751e8b465ee728b)
Start importing Packages/com.unity.2d.sprite/Editor/Unity.2D.Sprite.Editor.asmdef using Guid(2c573e6b271651846a79655161004c5b) Importer(815301076,1909f56bfc062723c751e8b465ee728b)  -> (artifact id: 'f3790e1b7128df616aee81a57c727731') in 0.028078 seconds 
========================================================================
Received Import Request.
  Time since last request: 0.906442 seconds.
  path: Packages/com.unity.2d.sprite/Editor/Interface
  artifactKey: Guid(b1c7f0c50b0c1d7458d2d0a50ebfefef) Importer(815301076,1909f56bfc062723c751e8b465ee728b)
Start importing Packages/com.unity.2d.sprite/Editor/Interface using Guid(b1c7f0c50b0c1d7458d2d0a50ebfefef) Importer(815301076,1909f56bfc062723c751e8b465ee728b)  -> (artifact id: '1b203081660d8cef30ff3262d2575872') in 0.002837 seconds 
========================================================================
Received Import Request.
  Time since last request: 0.771762 seconds.
  path: Packages/com.unity.2d.sprite/Editor/Interface/IAssetDatabase.cs
  artifactKey: Guid(2c61219a8c88e2b43a6637bc8fe558dc) Importer(815301076,1909f56bfc062723c751e8b465ee728b)
Start importing Packages/com.unity.2d.sprite/Editor/Interface/IAssetDatabase.cs using Guid(2c61219a8c88e2b43a6637bc8fe558dc) Importer(815301076,1909f56bfc062723c751e8b465ee728b)  -> (artifact id: '79ef11816a274336e799fe4b91d62b7a') in 0.011518 seconds 
========================================================================
Received Prepare
Refreshing native plugins compatible for Editor in 9.10 ms, found 3 plugins.
Preloading 0 native plugins for Editor in 0.00 ms.
Unloading 26 Unused Serialized files (Serialized files now loaded: 0)
Unloading 25 unused Assets / (29.0 KB). Loaded Objects now: 3090.
Memory consumption went from 62.4 MB to 62.4 MB.
Total: 4.262500 ms (FindLiveObjects: 0.298500 ms CreateObjectMapping: 0.093900 ms MarkObjects: 3.834800 ms  DeleteObjects: 0.034300 ms)

AssetImportParameters requested are different than current active one (requested -> active):
  custom:video-decoder-ogg-theora: a1e56fd34408186e4bbccfd4996cb3dc -> 
  custom:container-muxer-webm: aa71ff27fc2769a1b78a27578f13a17b -> 
  custom:container-demuxer-webm: 4f35f7cbe854078d1ac9338744f61a02 -> 
  custom:video-encoder-webm-vp8: eb34c28f22e8b96e1ab97ce403110664 -> 
  custom:audio-encoder-webm-vorbis: bf7c407c2cedff20999df2af8eb42d56 -> 
  custom:framework-win-MediaFoundation: 216162199b28c13a410421893ffa2e32 -> 
  custom:container-demuxer-ogg: 62fdf1f143b41e24485cea50d1cbac27 -> 
  custom:video-decoder-webm-vp8: 9c59270c3fd7afecdb556c50c9e8de78 -> 
  custom:audio-decoder-ogg-vorbis: bf7c407c2cedff20999df2af8eb42d56 -> 
========================================================================
Received Prepare
Refreshing native plugins compatible for Editor in 8.81 ms, found 3 plugins.
Preloading 0 native plugins for Editor in 0.00 ms.
Unloading 26 Unused Serialized files (Serialized files now loaded: 0)
Unloading 25 unused Assets / (29.0 KB). Loaded Objects now: 3090.
Memory consumption went from 62.4 MB to 62.4 MB.
Total: 3.721400 ms (FindLiveObjects: 0.316000 ms CreateObjectMapping: 0.073500 ms MarkObjects: 3.310000 ms  DeleteObjects: 0.021100 ms)

AssetImportParameters requested are different than current active one (requested -> active):
  custom:video-decoder-ogg-theora: a1e56fd34408186e4bbccfd4996cb3dc -> 
  custom:container-muxer-webm: aa71ff27fc2769a1b78a27578f13a17b -> 
  custom:container-demuxer-webm: 4f35f7cbe854078d1ac9338744f61a02 -> 
  custom:video-encoder-webm-vp8: eb34c28f22e8b96e1ab97ce403110664 -> 
  custom:audio-encoder-webm-vorbis: bf7c407c2cedff20999df2af8eb42d56 -> 
  custom:framework-win-MediaFoundation: 216162199b28c13a410421893ffa2e32 -> 
  custom:container-demuxer-ogg: 62fdf1f143b41e24485cea50d1cbac27 -> 
  custom:video-decoder-webm-vp8: 9c59270c3fd7afecdb556c50c9e8de78 -> 
  custom:audio-decoder-ogg-vorbis: bf7c407c2cedff20999df2af8eb42d56 -> 
========================================================================
Received Prepare
Refreshing native plugins compatible for Editor in 8.99 ms, found 3 plugins.
Preloading 0 native plugins for Editor in 0.00 ms.
Unloading 26 Unused Serialized files (Serialized files now loaded: 0)
Unloading 25 unused Assets / (29.0 KB). Loaded Objects now: 3090.
Memory consumption went from 62.4 MB to 62.4 MB.
Total: 4.214500 ms (FindLiveObjects: 0.307200 ms CreateObjectMapping: 0.073600 ms MarkObjects: 3.802500 ms  DeleteObjects: 0.029400 ms)

AssetImportParameters requested are different than current active one (requested -> active):
  custom:video-decoder-ogg-theora: a1e56fd34408186e4bbccfd4996cb3dc -> 
  custom:container-muxer-webm: aa71ff27fc2769a1b78a27578f13a17b -> 
  custom:container-demuxer-webm: 4f35f7cbe854078d1ac9338744f61a02 -> 
  custom:video-encoder-webm-vp8: eb34c28f22e8b96e1ab97ce403110664 -> 
  custom:audio-encoder-webm-vorbis: bf7c407c2cedff20999df2af8eb42d56 -> 
  custom:framework-win-MediaFoundation: 216162199b28c13a410421893ffa2e32 -> 
  custom:container-demuxer-ogg: 62fdf1f143b41e24485cea50d1cbac27 -> 
  custom:video-decoder-webm-vp8: 9c59270c3fd7afecdb556c50c9e8de78 -> 
  custom:audio-decoder-ogg-vorbis: bf7c407c2cedff20999df2af8eb42d56 -> 
========================================================================
Received Prepare
Refreshing native plugins compatible for Editor in 10.78 ms, found 3 plugins.
Preloading 0 native plugins for Editor in 0.00 ms.
Unloading 26 Unused Serialized files (Serialized files now loaded: 0)
Unloading 25 unused Assets / (29.0 KB). Loaded Objects now: 3090.
Memory consumption went from 62.4 MB to 62.4 MB.
Total: 3.781000 ms (FindLiveObjects: 0.274500 ms CreateObjectMapping: 0.069100 ms MarkObjects: 3.407800 ms  DeleteObjects: 0.028500 ms)

AssetImportParameters requested are different than current active one (requested -> active):
  custom:video-decoder-ogg-theora: a1e56fd34408186e4bbccfd4996cb3dc -> 
  custom:container-muxer-webm: aa71ff27fc2769a1b78a27578f13a17b -> 
  custom:container-demuxer-webm: 4f35f7cbe854078d1ac9338744f61a02 -> 
  custom:video-encoder-webm-vp8: eb34c28f22e8b96e1ab97ce403110664 -> 
  custom:audio-encoder-webm-vorbis: bf7c407c2cedff20999df2af8eb42d56 -> 
  custom:framework-win-MediaFoundation: 216162199b28c13a410421893ffa2e32 -> 
  custom:container-demuxer-ogg: 62fdf1f143b41e24485cea50d1cbac27 -> 
  custom:video-decoder-webm-vp8: 9c59270c3fd7afecdb556c50c9e8de78 -> 
  custom:audio-decoder-ogg-vorbis: bf7c407c2cedff20999df2af8eb42d56 -> 
========================================================================
Received Import Request.
  Time since last request: 177.887031 seconds.
  path: Assets/Objects/player1.png
  artifactKey: Guid(68aeb3606e6298049ab3fb95ec3bb42b) Importer(815301076,1909f56bfc062723c751e8b465ee728b)
Start importing Assets/Objects/player1.png using Guid(68aeb3606e6298049ab3fb95ec3bb42b) Importer(815301076,1909f56bfc062723c751e8b465ee728b)  -> (artifact id: 'a2a4563be1a40e5a5e6f40cb91f24042') in 0.111543 seconds 
========================================================================
Received Import Request.
  Time since last request: 90.592694 seconds.
  path: Assets/Material/bricktile.asset
  artifactKey: Guid(f242591be81aeab48966a52f8f3bc414) Importer(815301076,1909f56bfc062723c751e8b465ee728b)
Start importing Assets/Material/bricktile.asset using Guid(f242591be81aeab48966a52f8f3bc414) Importer(815301076,1909f56bfc062723c751e8b465ee728b)  -> (artifact id: '0358eb622ede5cb4c9fa7f8c534b4d78') in 0.026103 seconds 
========================================================================
Received Import Request.
  Time since last request: 0.000024 seconds.
  path: Assets/Material/door_2.asset
  artifactKey: Guid(5024332acebe3f14eb69c18180c293fb) Importer(815301076,1909f56bfc062723c751e8b465ee728b)
Start importing Assets/Material/door_2.asset using Guid(5024332acebe3f14eb69c18180c293fb) Importer(815301076,1909f56bfc062723c751e8b465ee728b)  -> (artifact id: '53bc5c909e4e6580a91d25d9c0075384') in 0.009308 seconds 
========================================================================
Received Import Request.
  Time since last request: 0.000022 seconds.
  path: Assets/Material/bricktile2floor.png
  artifactKey: Guid(35164dae679665a46a21f505f84f3bf1) Importer(815301076,1909f56bfc062723c751e8b465ee728b)
Start importing Assets/Material/bricktile2floor.png using Guid(35164dae679665a46a21f505f84f3bf1) Importer(815301076,1909f56bfc062723c751e8b465ee728b)  -> (artifact id: 'a76744132130ec227fdc3915d60926f8') in 0.018967 seconds 
========================================================================
Received Import Request.
  Time since last request: 0.000032 seconds.
  path: Assets/Material/offshopbutton2.png
  artifactKey: Guid(c5de3c3b6e7b0ff40986e437966d326a) Importer(815301076,1909f56bfc062723c751e8b465ee728b)
Start importing Assets/Material/offshopbutton2.png using Guid(c5de3c3b6e7b0ff40986e437966d326a) Importer(815301076,1909f56bfc062723c751e8b465ee728b)  -> (artifact id: '955fd6d40b859a3654b7fc8b4a40c6ba') in 0.013573 seconds 
========================================================================
Received Import Request.
  Time since last request: 0.000035 seconds.
  path: Assets/Material/bricktile2floor2.asset
  artifactKey: Guid(1009a9610336db849b2f26004f5f8871) Importer(815301076,1909f56bfc062723c751e8b465ee728b)
Start importing Assets/Material/bricktile2floor2.asset using Guid(1009a9610336db849b2f26004f5f8871) Importer(815301076,1909f56bfc062723c751e8b465ee728b)  -> (artifact id: 'e6b5300e4ab5b21d8d4cde442de38546') in 0.009240 seconds 
========================================================================
Received Import Request.
  Time since last request: 0.000026 seconds.
  path: Assets/Material/bricktile2floor3.png
  artifactKey: Guid(1acb618975c8f884a808d3f384c14d66) Importer(815301076,1909f56bfc062723c751e8b465ee728b)
Start importing Assets/Material/bricktile2floor3.png using Guid(1acb618975c8f884a808d3f384c14d66) Importer(815301076,1909f56bfc062723c751e8b465ee728b)  -> (artifact id: '4d74d256b928f4d258882333e479a9ab') in 0.015792 seconds 
========================================================================
Received Import Request.
  Time since last request: 0.000036 seconds.
  path: Assets/Material/bricktile2.asset
  artifactKey: Guid(c6df8e6bb6256ff4bb380ecd23ce0b6a) Importer(815301076,1909f56bfc062723c751e8b465ee728b)
Start importing Assets/Material/bricktile2.asset using Guid(c6df8e6bb6256ff4bb380ecd23ce0b6a) Importer(815301076,1909f56bfc062723c751e8b465ee728b)  -> (artifact id: 'ab0711bcf4fc10ce5658925646eee9cf') in 0.009234 seconds 
========================================================================
Received Import Request.
  Time since last request: 0.000024 seconds.
  path: Assets/Material/door_1.asset
  artifactKey: Guid(315ac54818d4cf744af824a10495d157) Importer(815301076,1909f56bfc062723c751e8b465ee728b)
Start importing Assets/Material/door_1.asset using Guid(315ac54818d4cf744af824a10495d157) Importer(815301076,1909f56bfc062723c751e8b465ee728b)  -> (artifact id: '4e6f8adb1cd793632571c74094bdfb12') in 0.010253 seconds 
========================================================================
Received Import Request.
  Time since last request: 0.000031 seconds.
  path: Assets/Material/door_3.asset
  artifactKey: Guid(32b79bdac3d5fdc41a2a72e05b1a7bdd) Importer(815301076,1909f56bfc062723c751e8b465ee728b)
Start importing Assets/Material/door_3.asset using Guid(32b79bdac3d5fdc41a2a72e05b1a7bdd) Importer(815301076,1909f56bfc062723c751e8b465ee728b)  -> (artifact id: '02d3e22ccf591a12fb974dc414441eb5') in 0.009954 seconds 
========================================================================
Received Import Request.
  Time since last request: 0.000022 seconds.
  path: Assets/Material/bricktile2floor1.png
  artifactKey: Guid(517871a4a107ea242b0c517c8fe3212c) Importer(815301076,1909f56bfc062723c751e8b465ee728b)
Start importing Assets/Material/bricktile2floor1.png using Guid(517871a4a107ea242b0c517c8fe3212c) Importer(815301076,1909f56bfc062723c751e8b465ee728b)  -> (artifact id: 'afb686309b333a879a807062d2908acb') in 0.015804 seconds 
========================================================================
Received Import Request.
  Time since last request: 0.000026 seconds.
  path: Assets/Material/bricktile2floor3.asset
  artifactKey: Guid(0372256984ce87442b029cb2a921a5c5) Importer(815301076,1909f56bfc062723c751e8b465ee728b)
Start importing Assets/Material/bricktile2floor3.asset using Guid(0372256984ce87442b029cb2a921a5c5) Importer(815301076,1909f56bfc062723c751e8b465ee728b)  -> (artifact id: 'e267b6f28a133e16385bc3c9bc43bfc7') in 0.009509 seconds 
========================================================================
Received Import Request.
  Time since last request: 0.000020 seconds.
  path: Assets/Material/bricktile2floor.asset
  artifactKey: Guid(3c736d5ee8040cb448389c7380bc6ab9) Importer(815301076,1909f56bfc062723c751e8b465ee728b)
Start importing Assets/Material/bricktile2floor.asset using Guid(3c736d5ee8040cb448389c7380bc6ab9) Importer(815301076,1909f56bfc062723c751e8b465ee728b)  -> (artifact id: 'f9f5545b34d8901ea7903ca515edddaa') in 0.009668 seconds 
========================================================================
Received Import Request.
  Time since last request: 0.000023 seconds.
  path: Assets/Material/bricktile2floor4.png
  artifactKey: Guid(74fde97b1fed55a4e81114c733b9e01b) Importer(815301076,1909f56bfc062723c751e8b465ee728b)
Start importing Assets/Material/bricktile2floor4.png using Guid(74fde97b1fed55a4e81114c733b9e01b) Importer(815301076,1909f56bfc062723c751e8b465ee728b)  -> (artifact id: 'd73f68b294bbd82889ff372a73e7ae23') in 0.014455 seconds 
========================================================================
Received Import Request.
  Time since last request: 0.000024 seconds.
  path: Assets/Material/bricktile2floor1.asset
  artifactKey: Guid(0383a3d267940c84d8b8eae6f053cc61) Importer(815301076,1909f56bfc062723c751e8b465ee728b)
Start importing Assets/Material/bricktile2floor1.asset using Guid(0383a3d267940c84d8b8eae6f053cc61) Importer(815301076,1909f56bfc062723c751e8b465ee728b)  -> (artifact id: '6a677f2545307a0eb2eb043cabe0dc9e') in 0.008632 seconds 
========================================================================
Received Import Request.
  Time since last request: 0.000031 seconds.
  path: Assets/Material/bricktile2.png
  artifactKey: Guid(82000ed97d460024381e9f2b0be5bf87) Importer(815301076,1909f56bfc062723c751e8b465ee728b)
Start importing Assets/Material/bricktile2.png using Guid(82000ed97d460024381e9f2b0be5bf87) Importer(815301076,1909f56bfc062723c751e8b465ee728b)  -> (artifact id: '743834760c74838690bfc13e6136f10d') in 0.013721 seconds 
========================================================================
Received Import Request.
  Time since last request: 0.000035 seconds.
  path: Assets/Material/bricktile2floor4.asset
  artifactKey: Guid(c4f7fc84507fc0847bd851aa1a026b9f) Importer(815301076,1909f56bfc062723c751e8b465ee728b)
Start importing Assets/Material/bricktile2floor4.asset using Guid(c4f7fc84507fc0847bd851aa1a026b9f) Importer(815301076,1909f56bfc062723c751e8b465ee728b)  -> (artifact id: 'b2bfb41d9ca60b7bfd98dd06d168e43b') in 0.008515 seconds 
========================================================================
Received Import Request.
  Time since last request: 48.203393 seconds.
  path: Assets/Material/offshopbutton2.png
  artifactKey: Guid(c5de3c3b6e7b0ff40986e437966d326a) Importer(815301076,1909f56bfc062723c751e8b465ee728b)
Start importing Assets/Material/offshopbutton2.png using Guid(c5de3c3b6e7b0ff40986e437966d326a) Importer(815301076,1909f56bfc062723c751e8b465ee728b)  -> (artifact id: '35b2a655e90f035d7f6551afc33c30aa') in 0.012479 seconds 
========================================================================
Received Import Request.
  Time since last request: 0.071243 seconds.
  path: Assets/Material/bricktile.asset
  artifactKey: Guid(f242591be81aeab48966a52f8f3bc414) Importer(815301076,1909f56bfc062723c751e8b465ee728b)
Start importing Assets/Material/bricktile.asset using Guid(f242591be81aeab48966a52f8f3bc414) Importer(815301076,1909f56bfc062723c751e8b465ee728b)  -> (artifact id: '12cad1b695a4f596f868a352d77c043a') in 0.007598 seconds 
========================================================================
Received Import Request.
  Time since last request: 0.000031 seconds.
  path: Assets/Material/door_2.asset
  artifactKey: Guid(5024332acebe3f14eb69c18180c293fb) Importer(815301076,1909f56bfc062723c751e8b465ee728b)
Start importing Assets/Material/door_2.asset using Guid(5024332acebe3f14eb69c18180c293fb) Importer(815301076,1909f56bfc062723c751e8b465ee728b)  -> (artifact id: '01b0210d7df30ac7041f9a6fb64cf0ad') in 0.009561 seconds 
========================================================================
Received Import Request.
  Time since last request: 0.000031 seconds.
  path: Assets/Material/bricktile2floor2.asset
  artifactKey: Guid(1009a9610336db849b2f26004f5f8871) Importer(815301076,1909f56bfc062723c751e8b465ee728b)
Start importing Assets/Material/bricktile2floor2.asset using Guid(1009a9610336db849b2f26004f5f8871) Importer(815301076,1909f56bfc062723c751e8b465ee728b)  -> (artifact id: 'b6c63d161fe2739a5d6ebab17b13a16c') in 0.007008 seconds 
========================================================================
Received Import Request.
  Time since last request: 0.000023 seconds.
  path: Assets/Material/door_1.asset
  artifactKey: Guid(315ac54818d4cf744af824a10495d157) Importer(815301076,1909f56bfc062723c751e8b465ee728b)
Start importing Assets/Material/door_1.asset using Guid(315ac54818d4cf744af824a10495d157) Importer(815301076,1909f56bfc062723c751e8b465ee728b)  -> (artifact id: '11b173e65ef5130bfe4db64f2daf1a1d') in 0.007343 seconds 
========================================================================
Received Import Request.
  Time since last request: 0.000018 seconds.
  path: Assets/Material/texturetest.png
  artifactKey: Guid(40fe91603a0827448b614f0d2f1836a2) Importer(815301076,1909f56bfc062723c751e8b465ee728b)
Start importing Assets/Material/texturetest.png using Guid(40fe91603a0827448b614f0d2f1836a2) Importer(815301076,1909f56bfc062723c751e8b465ee728b)  -> (artifact id: '738d616ae001c0a47625460438942021') in 0.008165 seconds 
========================================================================
Received Import Request.
  Time since last request: 0.000030 seconds.
  path: Assets/Material/door_0.asset
  artifactKey: Guid(0f9ff157c89d4bf47af8ee0ca9813757) Importer(815301076,1909f56bfc062723c751e8b465ee728b)
Start importing Assets/Material/door_0.asset using Guid(0f9ff157c89d4bf47af8ee0ca9813757) Importer(815301076,1909f56bfc062723c751e8b465ee728b)  -> (artifact id: '907ef9b973ea958281377734b00e471c') in 0.007170 seconds 
========================================================================
Received Import Request.
  Time since last request: 0.000024 seconds.
  path: Assets/Material/bricktile2floor3.asset
  artifactKey: Guid(0372256984ce87442b029cb2a921a5c5) Importer(815301076,1909f56bfc062723c751e8b465ee728b)
Start importing Assets/Material/bricktile2floor3.asset using Guid(0372256984ce87442b029cb2a921a5c5) Importer(815301076,1909f56bfc062723c751e8b465ee728b)  -> (artifact id: 'a2cf3b63c5f5c68f19e44aa1025fddd0') in 0.008269 seconds 
========================================================================
Received Import Request.
  Time since last request: 0.000023 seconds.
  path: Assets/Material/skele.png
  artifactKey: Guid(94b8218871fa152438310f0963ee82e9) Importer(815301076,1909f56bfc062723c751e8b465ee728b)
Start importing Assets/Material/skele.png using Guid(94b8218871fa152438310f0963ee82e9) Importer(815301076,1909f56bfc062723c751e8b465ee728b)  -> (artifact id: '2872cb6e2b3aafc3db16f5e4d5935798') in 0.014104 seconds 
========================================================================
Received Import Request.
  Time since last request: 0.000021 seconds.
  path: Assets/Material/bricktile2floor1.asset
  artifactKey: Guid(0383a3d267940c84d8b8eae6f053cc61) Importer(815301076,1909f56bfc062723c751e8b465ee728b)
Start importing Assets/Material/bricktile2floor1.asset using Guid(0383a3d267940c84d8b8eae6f053cc61) Importer(815301076,1909f56bfc062723c751e8b465ee728b)  -> (artifact id: 'cbae364558e4c26a2c5e14c3affde6ee') in 0.007480 seconds 
========================================================================
Received Import Request.
  Time since last request: 0.000028 seconds.
  path: Assets/Material/bricktile2floor2.png
  artifactKey: Guid(cc598c49591a9f04d9d74c4ad62739df) Importer(815301076,1909f56bfc062723c751e8b465ee728b)
Start importing Assets/Material/bricktile2floor2.png using Guid(cc598c49591a9f04d9d74c4ad62739df) Importer(815301076,1909f56bfc062723c751e8b465ee728b)  -> (artifact id: '5db5cced4cbd6655565778220fff1b34') in 0.011669 seconds 
========================================================================
Received Import Request.
  Time since last request: 0.000034 seconds.
  path: Assets/Material/bricktile2half.png
  artifactKey: Guid(c73b2c78d35b53e4a9cec8d9a620a7a3) Importer(815301076,1909f56bfc062723c751e8b465ee728b)
Start importing Assets/Material/bricktile2half.png using Guid(c73b2c78d35b53e4a9cec8d9a620a7a3) Importer(815301076,1909f56bfc062723c751e8b465ee728b)  -> (artifact id: '64c60d238b0c7590e51587cefd7daa09') in 0.042969 seconds 
========================================================================
Received Import Request.
  Time since last request: 6.034443 seconds.
  path: Assets/Objects/blankbutton1.png
  artifactKey: Guid(ef6f0abdf0d398843a59476667a09b3b) Importer(815301076,1909f56bfc062723c751e8b465ee728b)
Start importing Assets/Objects/blankbutton1.png using Guid(ef6f0abdf0d398843a59476667a09b3b) Importer(815301076,1909f56bfc062723c751e8b465ee728b)  -> (artifact id: '1482f055badf4e92b2958a6f12e0d19a') in 0.017002 seconds 
========================================================================
Received Import Request.
  Time since last request: 0.000021 seconds.
  path: Assets/Objects/player2.png
  artifactKey: Guid(392277bfee49d1c419404f29547b9643) Importer(815301076,1909f56bfc062723c751e8b465ee728b)
Start importing Assets/Objects/player2.png using Guid(392277bfee49d1c419404f29547b9643) Importer(815301076,1909f56bfc062723c751e8b465ee728b)  -> (artifact id: '1a0378803c9002c3f37a460017297a7c') in 0.013933 seconds 
========================================================================
Received Import Request.
  Time since last request: 0.000037 seconds.
  path: Assets/Objects/well.mat
  artifactKey: Guid(8ad432f553782224f97a454a0384f260) Importer(815301076,1909f56bfc062723c751e8b465ee728b)
Start importing Assets/Objects/well.mat using Guid(8ad432f553782224f97a454a0384f260) Importer(815301076,1909f56bfc062723c751e8b465ee728b)  -> (artifact id: '8782a3634db98e4b41fa421063c954ec') in 0.055740 seconds 
========================================================================
Received Import Request.
  Time since last request: 0.000028 seconds.
  path: Assets/Objects/laughs.png
  artifactKey: Guid(17fc4264a396f974dacb2edc6ec4474e) Importer(815301076,1909f56bfc062723c751e8b465ee728b)
Start importing Assets/Objects/laughs.png using Guid(17fc4264a396f974dacb2edc6ec4474e) Importer(815301076,1909f56bfc062723c751e8b465ee728b)  -> (artifact id: '41d885c6a45a4b93b0ca53cab42b95e5') in 0.022510 seconds 
========================================================================
Received Import Request.
  Time since last request: 0.000025 seconds.
  path: Assets/Objects/MiniSkeleton_0.prefab
  artifactKey: Guid(304a9353e275e0040b553a0411a17083) Importer(815301076,1909f56bfc062723c751e8b465ee728b)
Start importing Assets/Objects/MiniSkeleton_0.prefab using Guid(304a9353e275e0040b553a0411a17083) Importer(815301076,1909f56bfc062723c751e8b465ee728b)  -> (artifact id: 'd0da31799970a3a988580ec840a98e2d') in 0.043199 seconds 
========================================================================
Received Import Request.
  Time since last request: 0.000042 seconds.
  path: Assets/Objects/yikes.mat
  artifactKey: Guid(a6383f7edb86f944c86e8135847af6b5) Importer(815301076,1909f56bfc062723c751e8b465ee728b)
Start importing Assets/Objects/yikes.mat using Guid(a6383f7edb86f944c86e8135847af6b5) Importer(815301076,1909f56bfc062723c751e8b465ee728b)  -> (artifact id: '955714d8240e05eaeda56a061fa42620') in 0.012064 seconds 
========================================================================
Received Import Request.
  Time since last request: 10.075310 seconds.
  path: Assets/Outline/MiniDreadKnight.png
  artifactKey: Guid(d8dc4f58db3dd9145afbb59e809addea) Importer(815301076,1909f56bfc062723c751e8b465ee728b)
Start importing Assets/Outline/MiniDreadKnight.png using Guid(d8dc4f58db3dd9145afbb59e809addea) Importer(815301076,1909f56bfc062723c751e8b465ee728b)  -> (artifact id: '7f7ac17e91aac7a15338420fcfc9d9f6') in 0.018708 seconds 
========================================================================
Received Import Request.
  Time since last request: 0.000022 seconds.
  path: Assets/Outline/MiniZombie.png
  artifactKey: Guid(1cc95b14be885fd489e16df4b81f30b9) Importer(815301076,1909f56bfc062723c751e8b465ee728b)
Start importing Assets/Outline/MiniZombie.png using Guid(1cc95b14be885fd489e16df4b81f30b9) Importer(815301076,1909f56bfc062723c751e8b465ee728b)  -> (artifact id: '883cb699f36042878205a591ba23a3c5') in 0.016885 seconds 
========================================================================
Received Import Request.
  Time since last request: 0.000022 seconds.
  path: Assets/Outline/MiniSkeletonArcher.png
  artifactKey: Guid(449b952d98125e34db6e232f44bdbdb6) Importer(815301076,1909f56bfc062723c751e8b465ee728b)
Start importing Assets/Outline/MiniSkeletonArcher.png using Guid(449b952d98125e34db6e232f44bdbdb6) Importer(815301076,1909f56bfc062723c751e8b465ee728b)  -> (artifact id: '91a541ded9f9dda6a2bc4f77e7399a3f') in 0.018536 seconds 
========================================================================
Received Import Request.
  Time since last request: 0.000040 seconds.
  path: Assets/Outline/MiniZombieButcher.png
  artifactKey: Guid(0d17d4a43d4776546b8a9a19897cbd6d) Importer(815301076,1909f56bfc062723c751e8b465ee728b)
Start importing Assets/Outline/MiniZombieButcher.png using Guid(0d17d4a43d4776546b8a9a19897cbd6d) Importer(815301076,1909f56bfc062723c751e8b465ee728b)  -> (artifact id: '365142f4785829e1c24c61a2115d31ac') in 0.014103 seconds 
========================================================================
Received Import Request.
  Time since last request: 0.000025 seconds.
  path: Assets/Outline/MiniNecromancer.png
  artifactKey: Guid(f7490b049e5afc94c982af74462c22d8) Importer(815301076,1909f56bfc062723c751e8b465ee728b)
Start importing Assets/Outline/MiniNecromancer.png using Guid(f7490b049e5afc94c982af74462c22d8) Importer(815301076,1909f56bfc062723c751e8b465ee728b)  -> (artifact id: '461736a71e6c7fb0103b41a25c822427') in 0.017286 seconds 
========================================================================
Received Import Request.
  Time since last request: 11.564360 seconds.
  path: Assets/Outline/Skeleton
  artifactKey: Guid(20166bffbedc1194aa88f645f261384e) Importer(815301076,1909f56bfc062723c751e8b465ee728b)
Start importing Assets/Outline/Skeleton using Guid(20166bffbedc1194aa88f645f261384e) Importer(815301076,1909f56bfc062723c751e8b465ee728b)  -> (artifact id: '1115703075fd66879bf3716e1c4c9a43') in 0.002602 seconds 
========================================================================
Received Import Request.
  Time since last request: 12.046860 seconds.
  path: Assets/0x72_16x16DungeonTileset_walls.v2.png
  artifactKey: Guid(5536dbfdc1a73fc4c9528dd9fae3f19e) Importer(815301076,1909f56bfc062723c751e8b465ee728b)
Start importing Assets/0x72_16x16DungeonTileset_walls.v2.png using Guid(5536dbfdc1a73fc4c9528dd9fae3f19e) Importer(815301076,1909f56bfc062723c751e8b465ee728b)  -> (artifact id: 'aaee0dcf31272b0963494b4250203f2b') in 0.228986 seconds 
========================================================================
Received Import Request.
  Time since last request: 17.484969 seconds.
  path: Assets/Tiles/0x72_16x16DungeonTileset_walls.v2_0.asset
  artifactKey: Guid(22865dcdd5afb25499c412f69d8d4912) Importer(815301076,1909f56bfc062723c751e8b465ee728b)
Start importing Assets/Tiles/0x72_16x16DungeonTileset_walls.v2_0.asset using Guid(22865dcdd5afb25499c412f69d8d4912) Importer(815301076,1909f56bfc062723c751e8b465ee728b)  -> (artifact id: '63dfd16cd001d441f8c861000c5a80a5') in 0.008739 seconds 
========================================================================
Received Import Request.
  Time since last request: 0.000025 seconds.
  path: Assets/Tiles/0x72_16x16DungeonTileset_walls.v2_17.asset
  artifactKey: Guid(7f8089a6523163c49bd9b4407b7661d9) Importer(815301076,1909f56bfc062723c751e8b465ee728b)
Start importing Assets/Tiles/0x72_16x16DungeonTileset_walls.v2_17.asset using Guid(7f8089a6523163c49bd9b4407b7661d9) Importer(815301076,1909f56bfc062723c751e8b465ee728b)  -> (artifact id: '55f8376c85372426ce51890c8a63d658') in 0.008424 seconds 
========================================================================
Received Import Request.
  Time since last request: 0.000021 seconds.
  path: Assets/Tiles/0x72_16x16DungeonTileset_walls.v2_62.asset
  artifactKey: Guid(160357b51daa3dc488be045a459c9283) Importer(815301076,1909f56bfc062723c751e8b465ee728b)
Start importing Assets/Tiles/0x72_16x16DungeonTileset_walls.v2_62.asset using Guid(160357b51daa3dc488be045a459c9283) Importer(815301076,1909f56bfc062723c751e8b465ee728b)  -> (artifact id: '4728dd1191b46484807cb29777cf4bf8') in 0.010210 seconds 
========================================================================
Received Import Request.
  Time since last request: 0.000020 seconds.
  path: Assets/Tiles/0x72_16x16DungeonTileset_walls.v2_74.asset
  artifactKey: Guid(5ebdbaf777dde2f488470a88a85697f5) Importer(815301076,1909f56bfc062723c751e8b465ee728b)
Start importing Assets/Tiles/0x72_16x16DungeonTileset_walls.v2_74.asset using Guid(5ebdbaf777dde2f488470a88a85697f5) Importer(815301076,1909f56bfc062723c751e8b465ee728b)  -> (artifact id: 'd5552412dd0c1484b57402447f30d936') in 0.008537 seconds 
========================================================================
Received Import Request.
  Time since last request: 0.000021 seconds.
  path: Assets/Tiles/0x72_16x16DungeonTileset_walls.v2_70.asset
  artifactKey: Guid(63da99b4324b275488418067b655e175) Importer(815301076,1909f56bfc062723c751e8b465ee728b)
Start importing Assets/Tiles/0x72_16x16DungeonTileset_walls.v2_70.asset using Guid(63da99b4324b275488418067b655e175) Importer(815301076,1909f56bfc062723c751e8b465ee728b)  -> (artifact id: '64d5d4ec9eaa15de501b51eef62c4764') in 0.008731 seconds 
========================================================================
Received Import Request.
  Time since last request: 0.000028 seconds.
  path: Assets/Tiles/0x72_16x16DungeonTileset_walls.v2_58.asset
  artifactKey: Guid(ffb199be98d9cf543b08355a13536671) Importer(815301076,1909f56bfc062723c751e8b465ee728b)
Start importing Assets/Tiles/0x72_16x16DungeonTileset_walls.v2_58.asset using Guid(ffb199be98d9cf543b08355a13536671) Importer(815301076,1909f56bfc062723c751e8b465ee728b)  -> (artifact id: '4ec765fa99ddec182344aba4a2de1dea') in 0.008418 seconds 
========================================================================
Received Import Request.
  Time since last request: 0.000024 seconds.
  path: Assets/Tiles/0x72_16x16DungeonTileset_walls.v2_37.asset
  artifactKey: Guid(e3bb903f69701504683c2f42b74535b4) Importer(815301076,1909f56bfc062723c751e8b465ee728b)
Start importing Assets/Tiles/0x72_16x16DungeonTileset_walls.v2_37.asset using Guid(e3bb903f69701504683c2f42b74535b4) Importer(815301076,1909f56bfc062723c751e8b465ee728b)  -> (artifact id: '75058e99513d3a2e6e65eb6dc3772aeb') in 0.008338 seconds 
========================================================================
Received Import Request.
  Time since last request: 0.000024 seconds.
  path: Assets/Tiles/0x72_16x16DungeonTileset_walls.v2_51.asset
  artifactKey: Guid(8eca03adf84b13b45931527daf232b64) Importer(815301076,1909f56bfc062723c751e8b465ee728b)
Start importing Assets/Tiles/0x72_16x16DungeonTileset_walls.v2_51.asset using Guid(8eca03adf84b13b45931527daf232b64) Importer(815301076,1909f56bfc062723c751e8b465ee728b)  -> (artifact id: 'b27578fa08b2250667d7d063b7a2d9aa') in 0.008810 seconds 
========================================================================
Received Import Request.
  Time since last request: 0.000021 seconds.
  path: Assets/Tiles/0x72_16x16DungeonTileset_walls.v2_67.asset
  artifactKey: Guid(10613447f3ff2174f8b0525172f6017f) Importer(815301076,1909f56bfc062723c751e8b465ee728b)
Start importing Assets/Tiles/0x72_16x16DungeonTileset_walls.v2_67.asset using Guid(10613447f3ff2174f8b0525172f6017f) Importer(815301076,1909f56bfc062723c751e8b465ee728b)  -> (artifact id: '16f8885d29ebef776a12e17111d1b2d8') in 0.011071 seconds 
========================================================================
Received Import Request.
  Time since last request: 0.000021 seconds.
  path: Assets/Tiles/0x72_16x16DungeonTileset_walls.v2_60.asset
  artifactKey: Guid(3920a03c1c6231145b1478043dfba76f) Importer(815301076,1909f56bfc062723c751e8b465ee728b)
Start importing Assets/Tiles/0x72_16x16DungeonTileset_walls.v2_60.asset using Guid(3920a03c1c6231145b1478043dfba76f) Importer(815301076,1909f56bfc062723c751e8b465ee728b)  -> (artifact id: '7fa73f49006777b21274507006b234b8') in 0.011455 seconds 
========================================================================
Received Import Request.
  Time since last request: 0.000027 seconds.
  path: Assets/Tiles/0x72_16x16DungeonTileset_walls.v2_61.asset
  artifactKey: Guid(41235243cfae4954f9114d9842d287c7) Importer(815301076,1909f56bfc062723c751e8b465ee728b)
Start importing Assets/Tiles/0x72_16x16DungeonTileset_walls.v2_61.asset using Guid(41235243cfae4954f9114d9842d287c7) Importer(815301076,1909f56bfc062723c751e8b465ee728b)  -> (artifact id: '5b7495d17117b47d08a7e27620ab24e8') in 0.011732 seconds 
========================================================================
Received Import Request.
  Time since last request: 0.000027 seconds.
  path: Assets/Tiles/0x72_16x16DungeonTileset_walls.v2_69.asset
  artifactKey: Guid(2650f83bf9e96994eb6495773cdb812c) Importer(815301076,1909f56bfc062723c751e8b465ee728b)
Start importing Assets/Tiles/0x72_16x16DungeonTileset_walls.v2_69.asset using Guid(2650f83bf9e96994eb6495773cdb812c) Importer(815301076,1909f56bfc062723c751e8b465ee728b)  -> (artifact id: '06640ccb384f78488769ba9b022cf7d2') in 0.008656 seconds 
========================================================================
Received Import Request.
  Time since last request: 0.000026 seconds.
  path: Assets/Tiles/0x72_16x16DungeonTileset_walls.v2_36.asset
  artifactKey: Guid(6caa9cf50de3c5b47904bd1b10221909) Importer(815301076,1909f56bfc062723c751e8b465ee728b)
Start importing Assets/Tiles/0x72_16x16DungeonTileset_walls.v2_36.asset using Guid(6caa9cf50de3c5b47904bd1b10221909) Importer(815301076,1909f56bfc062723c751e8b465ee728b)  -> (artifact id: 'b757d99a0a49ff62995897207bbcb2b4') in 0.009605 seconds 
========================================================================
Received Import Request.
  Time since last request: 0.000032 seconds.
  path: Assets/Tiles/0x72_16x16DungeonTileset_walls.v2_45.asset
  artifactKey: Guid(ba56d8912745a364594993595f45240d) Importer(815301076,1909f56bfc062723c751e8b465ee728b)
Start importing Assets/Tiles/0x72_16x16DungeonTileset_walls.v2_45.asset using Guid(ba56d8912745a364594993595f45240d) Importer(815301076,1909f56bfc062723c751e8b465ee728b)  -> (artifact id: '4f8402c387ee49a618c192aa8d9b975c') in 0.009393 seconds 
========================================================================
Received Import Request.
  Time since last request: 0.000021 seconds.
  path: Assets/Tiles/0x72_16x16DungeonTileset_walls.v2_46.asset
  artifactKey: Guid(417f8d091146ae441854cc2367f359df) Importer(815301076,1909f56bfc062723c751e8b465ee728b)
Start importing Assets/Tiles/0x72_16x16DungeonTileset_walls.v2_46.asset using Guid(417f8d091146ae441854cc2367f359df) Importer(815301076,1909f56bfc062723c751e8b465ee728b)  -> (artifact id: '787d2f86e11b752b104997240132ffc5') in 0.010862 seconds 
========================================================================
Received Import Request.
  Time since last request: 0.000024 seconds.
  path: Assets/Tiles/0x72_16x16DungeonTileset_walls.v2_20.asset
  artifactKey: Guid(2c19ae20851a29440a7ca37e512c7ce3) Importer(815301076,1909f56bfc062723c751e8b465ee728b)
Start importing Assets/Tiles/0x72_16x16DungeonTileset_walls.v2_20.asset using Guid(2c19ae20851a29440a7ca37e512c7ce3) Importer(815301076,1909f56bfc062723c751e8b465ee728b)  -> (artifact id: 'f3078c2b93150a8f7e89c0f91d3e14ff') in 0.009481 seconds 
========================================================================
Received Import Request.
  Time since last request: 0.000022 seconds.
  path: Assets/Tiles/0x72_16x16DungeonTileset_walls.v2_14.asset
  artifactKey: Guid(f10a5db478deac34caf96cfb722d59a5) Importer(815301076,1909f56bfc062723c751e8b465ee728b)
Start importing Assets/Tiles/0x72_16x16DungeonTileset_walls.v2_14.asset using Guid(f10a5db478deac34caf96cfb722d59a5) Importer(815301076,1909f56bfc062723c751e8b465ee728b)  -> (artifact id: '2bd85e79c74188a94f223fc77136bcaf') in 0.008845 seconds 
========================================================================
Received Import Request.
  Time since last request: 0.000024 seconds.
  path: Assets/Tiles/0x72_16x16DungeonTileset_walls.v2_5.asset
  artifactKey: Guid(e6898dccafd5c2645a46d80090901971) Importer(815301076,1909f56bfc062723c751e8b465ee728b)
Start importing Assets/Tiles/0x72_16x16DungeonTileset_walls.v2_5.asset using Guid(e6898dccafd5c2645a46d80090901971) Importer(815301076,1909f56bfc062723c751e8b465ee728b)  -> (artifact id: '1666bf96ccf12aa363c3233e1ab72262') in 0.008415 seconds 
========================================================================
Received Import Request.
  Time since last request: 0.000023 seconds.
  path: Assets/Tiles/0x72_16x16DungeonTileset_walls.v2_15.asset
  artifactKey: Guid(d1c1189dc7323e5429aec5bf65f9f462) Importer(815301076,1909f56bfc062723c751e8b465ee728b)
Start importing Assets/Tiles/0x72_16x16DungeonTileset_walls.v2_15.asset using Guid(d1c1189dc7323e5429aec5bf65f9f462) Importer(815301076,1909f56bfc062723c751e8b465ee728b)  -> (artifact id: '46693ef23bccbc9e025e64ff696a19e0') in 0.008875 seconds 
========================================================================
Received Import Request.
  Time since last request: 0.000026 seconds.
  path: Assets/Tiles/0x72_16x16DungeonTileset_walls.v2_38.asset
  artifactKey: Guid(397c000afa918774abd01a22c2ecfad9) Importer(815301076,1909f56bfc062723c751e8b465ee728b)
Start importing Assets/Tiles/0x72_16x16DungeonTileset_walls.v2_38.asset using Guid(397c000afa918774abd01a22c2ecfad9) Importer(815301076,1909f56bfc062723c751e8b465ee728b)  -> (artifact id: 'ccc7391e3730f3c8b8f0d3deb88f00fc') in 0.008179 seconds 
========================================================================
Received Import Request.
  Time since last request: 0.000027 seconds.
  path: Assets/Tiles/0x72_16x16DungeonTileset_walls.v2_71.asset
  artifactKey: Guid(1f56db9367b50924e88c3b3dc65c1dfa) Importer(815301076,1909f56bfc062723c751e8b465ee728b)
Start importing Assets/Tiles/0x72_16x16DungeonTileset_walls.v2_71.asset using Guid(1f56db9367b50924e88c3b3dc65c1dfa) Importer(815301076,1909f56bfc062723c751e8b465ee728b)  -> (artifact id: '83d1b61e62266919f0122e630c9d349a') in 0.010698 seconds 
========================================================================
Received Import Request.
  Time since last request: 0.000021 seconds.
  path: Assets/Tiles/0x72_16x16DungeonTileset_walls.v2_33.asset
  artifactKey: Guid(69c65c3f83d0a9f45a48c17fa40bc634) Importer(815301076,1909f56bfc062723c751e8b465ee728b)
Start importing Assets/Tiles/0x72_16x16DungeonTileset_walls.v2_33.asset using Guid(69c65c3f83d0a9f45a48c17fa40bc634) Importer(815301076,1909f56bfc062723c751e8b465ee728b)  -> (artifact id: 'b75c655429e3ecfd5f0016e99afb2cb0') in 0.009093 seconds 
========================================================================
Received Import Request.
  Time since last request: 0.000025 seconds.
  path: Assets/Tiles/0x72_16x16DungeonTileset_walls.v2_28.asset
  artifactKey: Guid(c604f7d9095d8fd4f9d9baf8b3facca9) Importer(815301076,1909f56bfc062723c751e8b465ee728b)
Start importing Assets/Tiles/0x72_16x16DungeonTileset_walls.v2_28.asset using Guid(c604f7d9095d8fd4f9d9baf8b3facca9) Importer(815301076,1909f56bfc062723c751e8b465ee728b)  -> (artifact id: 'a731c20a09e301a96851788e9d143d23') in 0.009817 seconds 
========================================================================
Received Import Request.
  Time since last request: 0.000024 seconds.
  path: Assets/Tiles/0x72_16x16DungeonTileset_walls.v2_6.asset
  artifactKey: Guid(ba279d36bcd652e46964f2c41983d130) Importer(815301076,1909f56bfc062723c751e8b465ee728b)
Start importing Assets/Tiles/0x72_16x16DungeonTileset_walls.v2_6.asset using Guid(ba279d36bcd652e46964f2c41983d130) Importer(815301076,1909f56bfc062723c751e8b465ee728b)  -> (artifact id: 'a2682051bfd063a04d55115ef32aaba8') in 0.008450 seconds 
========================================================================
Received Import Request.
  Time since last request: 0.000027 seconds.
  path: Assets/Tiles/0x72_16x16DungeonTileset_walls.v2_48.asset
  artifactKey: Guid(cf1cb7bc3b7f066498dd67829f1800aa) Importer(815301076,1909f56bfc062723c751e8b465ee728b)
Start importing Assets/Tiles/0x72_16x16DungeonTileset_walls.v2_48.asset using Guid(cf1cb7bc3b7f066498dd67829f1800aa) Importer(815301076,1909f56bfc062723c751e8b465ee728b)  -> (artifact id: '4a2b6f85f812d0741f20803ff477b974') in 0.008689 seconds 
========================================================================
Received Import Request.
  Time since last request: 0.000022 seconds.
  path: Assets/Tiles/0x72_16x16DungeonTileset_walls.v2_34.asset
  artifactKey: Guid(b2b7995d068404d4d9a38974b8dcbd3d) Importer(815301076,1909f56bfc062723c751e8b465ee728b)
Start importing Assets/Tiles/0x72_16x16DungeonTileset_walls.v2_34.asset using Guid(b2b7995d068404d4d9a38974b8dcbd3d) Importer(815301076,1909f56bfc062723c751e8b465ee728b)  -> (artifact id: 'd8c524fe613d9b2aa54c2d44e3d5c526') in 0.008193 seconds 
========================================================================
Received Prepare
Refreshing native plugins compatible for Editor in 8.75 ms, found 3 plugins.
Preloading 0 native plugins for Editor in 0.00 ms.
Unloading 26 Unused Serialized files (Serialized files now loaded: 0)
Unloading 25 unused Assets / (29.0 KB). Loaded Objects now: 3151.
Memory consumption went from 67.2 MB to 67.1 MB.
Total: 4.362700 ms (FindLiveObjects: 0.403800 ms CreateObjectMapping: 0.076100 ms MarkObjects: 3.849700 ms  DeleteObjects: 0.032400 ms)

AssetImportParameters requested are different than current active one (requested -> active):
  custom:video-decoder-ogg-theora: a1e56fd34408186e4bbccfd4996cb3dc -> 
  custom:container-muxer-webm: aa71ff27fc2769a1b78a27578f13a17b -> 
  custom:container-demuxer-webm: 4f35f7cbe854078d1ac9338744f61a02 -> 
  custom:video-encoder-webm-vp8: eb34c28f22e8b96e1ab97ce403110664 -> 
  custom:audio-encoder-webm-vorbis: bf7c407c2cedff20999df2af8eb42d56 -> 
  custom:framework-win-MediaFoundation: 216162199b28c13a410421893ffa2e32 -> 
  custom:container-demuxer-ogg: 62fdf1f143b41e24485cea50d1cbac27 -> 
  custom:video-decoder-webm-vp8: 9c59270c3fd7afecdb556c50c9e8de78 -> 
  custom:audio-decoder-ogg-vorbis: bf7c407c2cedff20999df2af8eb42d56 -> 
========================================================================
Received Prepare
Refreshing native plugins compatible for Editor in 8.17 ms, found 3 plugins.
Preloading 0 native plugins for Editor in 0.00 ms.
Unloading 26 Unused Serialized files (Serialized files now loaded: 0)
Unloading 25 unused Assets / (29.0 KB). Loaded Objects now: 3151.
Memory consumption went from 67.2 MB to 67.1 MB.
Total: 4.431000 ms (FindLiveObjects: 0.294800 ms CreateObjectMapping: 0.076800 ms MarkObjects: 4.026700 ms  DeleteObjects: 0.031600 ms)

AssetImportParameters requested are different than current active one (requested -> active):
  custom:video-decoder-ogg-theora: a1e56fd34408186e4bbccfd4996cb3dc -> 
  custom:container-muxer-webm: aa71ff27fc2769a1b78a27578f13a17b -> 
  custom:container-demuxer-webm: 4f35f7cbe854078d1ac9338744f61a02 -> 
  custom:video-encoder-webm-vp8: eb34c28f22e8b96e1ab97ce403110664 -> 
  custom:audio-encoder-webm-vorbis: bf7c407c2cedff20999df2af8eb42d56 -> 
  custom:framework-win-MediaFoundation: 216162199b28c13a410421893ffa2e32 -> 
  custom:container-demuxer-ogg: 62fdf1f143b41e24485cea50d1cbac27 -> 
  custom:video-decoder-webm-vp8: 9c59270c3fd7afecdb556c50c9e8de78 -> 
  custom:audio-decoder-ogg-vorbis: bf7c407c2cedff20999df2af8eb42d56 -> 
========================================================================
Received Import Request.
  Time since last request: 41.116673 seconds.
  path: Assets/Tiles/0x72_16x16DungeonTileset_walls.v2_0.asset
  artifactKey: Guid(22865dcdd5afb25499c412f69d8d4912) Importer(815301076,1909f56bfc062723c751e8b465ee728b)
Start importing Assets/Tiles/0x72_16x16DungeonTileset_walls.v2_0.asset using Guid(22865dcdd5afb25499c412f69d8d4912) Importer(815301076,1909f56bfc062723c751e8b465ee728b)  -> (artifact id: 'a92391bf4bef0ff5d41047d68b4057d3') in 0.015992 seconds 
========================================================================
Received Import Request.
  Time since last request: 0.000022 seconds.
  path: Assets/Tiles/0x72_16x16DungeonTileset_walls.v2_17.asset
  artifactKey: Guid(7f8089a6523163c49bd9b4407b7661d9) Importer(815301076,1909f56bfc062723c751e8b465ee728b)
Start importing Assets/Tiles/0x72_16x16DungeonTileset_walls.v2_17.asset using Guid(7f8089a6523163c49bd9b4407b7661d9) Importer(815301076,1909f56bfc062723c751e8b465ee728b)  -> (artifact id: '86170bdfe6b8516c0d765e32c9ad10cf') in 0.009819 seconds 
========================================================================
Received Import Request.
  Time since last request: 0.000022 seconds.
  path: Assets/Tiles/0x72_16x16DungeonTileset_walls.v2_74.asset
  artifactKey: Guid(5ebdbaf777dde2f488470a88a85697f5) Importer(815301076,1909f56bfc062723c751e8b465ee728b)
Start importing Assets/Tiles/0x72_16x16DungeonTileset_walls.v2_74.asset using Guid(5ebdbaf777dde2f488470a88a85697f5) Importer(815301076,1909f56bfc062723c751e8b465ee728b)  -> (artifact id: '00aefd296ca6cf6cbaef80cd246d350a') in 0.009089 seconds 
========================================================================
Received Import Request.
  Time since last request: 0.000024 seconds.
  path: Assets/Tiles/0x72_16x16DungeonTileset_walls.v2_21.asset
  artifactKey: Guid(7812ee886864e4b438e3504c3fac3ea7) Importer(815301076,1909f56bfc062723c751e8b465ee728b)
Start importing Assets/Tiles/0x72_16x16DungeonTileset_walls.v2_21.asset using Guid(7812ee886864e4b438e3504c3fac3ea7) Importer(815301076,1909f56bfc062723c751e8b465ee728b)  -> (artifact id: '17a39a25f50116746241ac3d3925c2dd') in 0.010139 seconds 
========================================================================
Received Import Request.
  Time since last request: 0.000028 seconds.
  path: Assets/Tiles/0x72_16x16DungeonTileset_walls.v2_58.asset
  artifactKey: Guid(ffb199be98d9cf543b08355a13536671) Importer(815301076,1909f56bfc062723c751e8b465ee728b)
Start importing Assets/Tiles/0x72_16x16DungeonTileset_walls.v2_58.asset using Guid(ffb199be98d9cf543b08355a13536671) Importer(815301076,1909f56bfc062723c751e8b465ee728b)  -> (artifact id: '5a9f2b7881cfd1b7e9649ec2c352f2f5') in 0.008632 seconds 
========================================================================
Received Import Request.
  Time since last request: 0.000019 seconds.
  path: Assets/Tiles/0x72_16x16DungeonTileset_walls.v2_37.asset
  artifactKey: Guid(e3bb903f69701504683c2f42b74535b4) Importer(815301076,1909f56bfc062723c751e8b465ee728b)
Start importing Assets/Tiles/0x72_16x16DungeonTileset_walls.v2_37.asset using Guid(e3bb903f69701504683c2f42b74535b4) Importer(815301076,1909f56bfc062723c751e8b465ee728b)  -> (artifact id: '392f11e9ceec569f9d9299cc6ea8d63d') in 0.011538 seconds 
========================================================================
Received Import Request.
  Time since last request: 0.000020 seconds.
  path: Assets/Tiles/0x72_16x16DungeonTileset_walls.v2_19.asset
  artifactKey: Guid(498d7dfe848a6054e8ef46dcd781fdbd) Importer(815301076,1909f56bfc062723c751e8b465ee728b)
Start importing Assets/Tiles/0x72_16x16DungeonTileset_walls.v2_19.asset using Guid(498d7dfe848a6054e8ef46dcd781fdbd) Importer(815301076,1909f56bfc062723c751e8b465ee728b)  -> (artifact id: '5f24ed4fdfda288f8ed842900eea1b18') in 0.008685 seconds 
========================================================================
Received Import Request.
  Time since last request: 0.000030 seconds.
  path: Assets/Tiles/0x72_16x16DungeonTileset_walls.v2_68.asset
  artifactKey: Guid(37ddf32480aa0a641bf1a0194ccdf9e4) Importer(815301076,1909f56bfc062723c751e8b465ee728b)
Start importing Assets/Tiles/0x72_16x16DungeonTileset_walls.v2_68.asset using Guid(37ddf32480aa0a641bf1a0194ccdf9e4) Importer(815301076,1909f56bfc062723c751e8b465ee728b)  -> (artifact id: 'fb3dfa00b34310700b4587798e893c1f') in 0.010189 seconds 
========================================================================
Received Import Request.
  Time since last request: 0.000026 seconds.
  path: Assets/Tiles/0x72_16x16DungeonTileset_walls.v2_9.asset
  artifactKey: Guid(d1f59f99fdc0b7544960854f8375d8bf) Importer(815301076,1909f56bfc062723c751e8b465ee728b)
Start importing Assets/Tiles/0x72_16x16DungeonTileset_walls.v2_9.asset using Guid(d1f59f99fdc0b7544960854f8375d8bf) Importer(815301076,1909f56bfc062723c751e8b465ee728b)  -> (artifact id: '1721443d7a8a02f1f3422251f15c91a8') in 0.008565 seconds 
========================================================================
Received Import Request.
  Time since last request: 0.000026 seconds.
  path: Assets/Tiles/0x72_16x16DungeonTileset_walls.v2_61.asset
  artifactKey: Guid(41235243cfae4954f9114d9842d287c7) Importer(815301076,1909f56bfc062723c751e8b465ee728b)
Start importing Assets/Tiles/0x72_16x16DungeonTileset_walls.v2_61.asset using Guid(41235243cfae4954f9114d9842d287c7) Importer(815301076,1909f56bfc062723c751e8b465ee728b)  -> (artifact id: '23c70ea62fcb8ed30ef7f844971f24f2') in 0.008125 seconds 
========================================================================
Received Import Request.
  Time since last request: 0.000022 seconds.
  path: Assets/Tiles/0x72_16x16DungeonTileset_walls.v2_27.asset
  artifactKey: Guid(f3b9d63109d177e41b2368f08102e129) Importer(815301076,1909f56bfc062723c751e8b465ee728b)
Start importing Assets/Tiles/0x72_16x16DungeonTileset_walls.v2_27.asset using Guid(f3b9d63109d177e41b2368f08102e129) Importer(815301076,1909f56bfc062723c751e8b465ee728b)  -> (artifact id: '5f2c2956c2521eac48654a65121d4398') in 0.008488 seconds 
========================================================================
Received Import Request.
  Time since last request: 0.000028 seconds.
  path: Assets/Tiles/0x72_16x16DungeonTileset_walls.v2_40.asset
  artifactKey: Guid(ad15619a23d88244f81fc65352f41a23) Importer(815301076,1909f56bfc062723c751e8b465ee728b)
Start importing Assets/Tiles/0x72_16x16DungeonTileset_walls.v2_40.asset using Guid(ad15619a23d88244f81fc65352f41a23) Importer(815301076,1909f56bfc062723c751e8b465ee728b)  -> (artifact id: 'f28bedc21130718e95324161bd75d46e') in 0.008745 seconds 
========================================================================
Received Import Request.
  Time since last request: 0.000024 seconds.
  path: Assets/Tiles/0x72_16x16DungeonTileset_walls.v2_45.asset
  artifactKey: Guid(ba56d8912745a364594993595f45240d) Importer(815301076,1909f56bfc062723c751e8b465ee728b)
Start importing Assets/Tiles/0x72_16x16DungeonTileset_walls.v2_45.asset using Guid(ba56d8912745a364594993595f45240d) Importer(815301076,1909f56bfc062723c751e8b465ee728b)  -> (artifact id: '70f09180fb159ecd7d023b5783442479') in 0.010195 seconds 
========================================================================
Received Import Request.
  Time since last request: 0.000033 seconds.
  path: Assets/Tiles/0x72_16x16DungeonTileset_walls.v2_18.asset
  artifactKey: Guid(31aafff88bc22b64aa45d680f3e5e220) Importer(815301076,1909f56bfc062723c751e8b465ee728b)
Start importing Assets/Tiles/0x72_16x16DungeonTileset_walls.v2_18.asset using Guid(31aafff88bc22b64aa45d680f3e5e220) Importer(815301076,1909f56bfc062723c751e8b465ee728b)  -> (artifact id: '565aa31201e7eebe1c99468b933335e3') in 0.008984 seconds 
========================================================================
Received Import Request.
  Time since last request: 0.000029 seconds.
  path: Assets/Tiles/0x72_16x16DungeonTileset_walls.v2_20.asset
  artifactKey: Guid(2c19ae20851a29440a7ca37e512c7ce3) Importer(815301076,1909f56bfc062723c751e8b465ee728b)
Start importing Assets/Tiles/0x72_16x16DungeonTileset_walls.v2_20.asset using Guid(2c19ae20851a29440a7ca37e512c7ce3) Importer(815301076,1909f56bfc062723c751e8b465ee728b)  -> (artifact id: 'd7c7f21c314f0b598a346a21f3e4ec6b') in 0.008833 seconds 
========================================================================
Received Import Request.
  Time since last request: 0.000019 seconds.
  path: Assets/Tiles/0x72_16x16DungeonTileset_walls.v2_59.asset
  artifactKey: Guid(f6ec39bbab227fb47b96711cfe85fbdd) Importer(815301076,1909f56bfc062723c751e8b465ee728b)
Start importing Assets/Tiles/0x72_16x16DungeonTileset_walls.v2_59.asset using Guid(f6ec39bbab227fb47b96711cfe85fbdd) Importer(815301076,1909f56bfc062723c751e8b465ee728b)  -> (artifact id: 'df1cc319ac28e92cf9c52589d71adbed') in 0.008151 seconds 
========================================================================
Received Import Request.
  Time since last request: 0.000025 seconds.
  path: Assets/Tiles/0x72_16x16DungeonTileset_walls.v2_30.asset
  artifactKey: Guid(9b0eca9396b5d8f4c858d389a8a58fb4) Importer(815301076,1909f56bfc062723c751e8b465ee728b)
Start importing Assets/Tiles/0x72_16x16DungeonTileset_walls.v2_30.asset using Guid(9b0eca9396b5d8f4c858d389a8a58fb4) Importer(815301076,1909f56bfc062723c751e8b465ee728b)  -> (artifact id: 'eb5daad9dee3d8b34b659fd57d321d5d') in 0.008505 seconds 
========================================================================
Received Import Request.
  Time since last request: 0.000027 seconds.
  path: Assets/Tiles/0x72_16x16DungeonTileset_walls.v2_12.asset
  artifactKey: Guid(d07b5753e6876ff40be5d157d0f9fd44) Importer(815301076,1909f56bfc062723c751e8b465ee728b)
Start importing Assets/Tiles/0x72_16x16DungeonTileset_walls.v2_12.asset using Guid(d07b5753e6876ff40be5d157d0f9fd44) Importer(815301076,1909f56bfc062723c751e8b465ee728b)  -> (artifact id: '58fab450988f33cfa3656767965b4530') in 0.009022 seconds 
========================================================================
Received Import Request.
  Time since last request: 0.000028 seconds.
  path: Assets/Tiles/0x72_16x16DungeonTileset_walls.v2_54.asset
  artifactKey: Guid(ca89aa05bf2f1bd49a0e21bdd9922fab) Importer(815301076,1909f56bfc062723c751e8b465ee728b)
Start importing Assets/Tiles/0x72_16x16DungeonTileset_walls.v2_54.asset using Guid(ca89aa05bf2f1bd49a0e21bdd9922fab) Importer(815301076,1909f56bfc062723c751e8b465ee728b)  -> (artifact id: '9c80fd923d3d340c4fd3662c96c120f7') in 0.010617 seconds 
========================================================================
Received Import Request.
  Time since last request: 0.000024 seconds.
  path: Assets/Tiles/0x72_16x16DungeonTileset_walls.v2_38.asset
  artifactKey: Guid(397c000afa918774abd01a22c2ecfad9) Importer(815301076,1909f56bfc062723c751e8b465ee728b)
Start importing Assets/Tiles/0x72_16x16DungeonTileset_walls.v2_38.asset using Guid(397c000afa918774abd01a22c2ecfad9) Importer(815301076,1909f56bfc062723c751e8b465ee728b)  -> (artifact id: '36821182c708438d8269b3551347526a') in 0.008675 seconds 
========================================================================
Received Import Request.
  Time since last request: 0.000035 seconds.
  path: Assets/Tiles/0x72_16x16DungeonTileset_walls.v2_55.asset
  artifactKey: Guid(f094af56831948a48a5ef3a06365b429) Importer(815301076,1909f56bfc062723c751e8b465ee728b)
Start importing Assets/Tiles/0x72_16x16DungeonTileset_walls.v2_55.asset using Guid(f094af56831948a48a5ef3a06365b429) Importer(815301076,1909f56bfc062723c751e8b465ee728b)  -> (artifact id: 'e7da75b0585aeb80381c818be1670af3') in 0.009174 seconds 
========================================================================
Received Import Request.
  Time since last request: 0.000024 seconds.
  path: Assets/Tiles/0x72_16x16DungeonTileset_walls.v2_10.asset
  artifactKey: Guid(846ed9b1ee0dabc429ff0ce9a5fdd94a) Importer(815301076,1909f56bfc062723c751e8b465ee728b)
Start importing Assets/Tiles/0x72_16x16DungeonTileset_walls.v2_10.asset using Guid(846ed9b1ee0dabc429ff0ce9a5fdd94a) Importer(815301076,1909f56bfc062723c751e8b465ee728b)  -> (artifact id: 'a6a266965527e4a8daae9758b5114029') in 0.009014 seconds 
========================================================================
Received Import Request.
  Time since last request: 0.000020 seconds.
  path: Assets/Tiles/0x72_16x16DungeonTileset_walls.v2_3.asset
  artifactKey: Guid(bd8d0521a26f80d4b8761aba876efd6f) Importer(815301076,1909f56bfc062723c751e8b465ee728b)
Start importing Assets/Tiles/0x72_16x16DungeonTileset_walls.v2_3.asset using Guid(bd8d0521a26f80d4b8761aba876efd6f) Importer(815301076,1909f56bfc062723c751e8b465ee728b)  -> (artifact id: '0ab416144636c8444e0f3158a7307f6f') in 0.010079 seconds 
========================================================================
Received Import Request.
  Time since last request: 0.000020 seconds.
  path: Assets/Tiles/0x72_16x16DungeonTileset_walls.v2_7.asset
  artifactKey: Guid(f31eafa1267dcea4fa7944060ed0e114) Importer(815301076,1909f56bfc062723c751e8b465ee728b)
Start importing Assets/Tiles/0x72_16x16DungeonTileset_walls.v2_7.asset using Guid(f31eafa1267dcea4fa7944060ed0e114) Importer(815301076,1909f56bfc062723c751e8b465ee728b)  -> (artifact id: '4767a5ae5a3689f6546382b7675b5b04') in 0.007995 seconds 
========================================================================
Received Import Request.
  Time since last request: 0.000019 seconds.
  path: Assets/Tiles/0x72_16x16DungeonTileset_walls.v2_66.asset
  artifactKey: Guid(e2aa26606e574cc42ac939e9e4ae467e) Importer(815301076,1909f56bfc062723c751e8b465ee728b)
Start importing Assets/Tiles/0x72_16x16DungeonTileset_walls.v2_66.asset using Guid(e2aa26606e574cc42ac939e9e4ae467e) Importer(815301076,1909f56bfc062723c751e8b465ee728b)  -> (artifact id: '9d075a1c9a1b83e1d58a86ed5c88e26e') in 0.008321 seconds 
Editor requested this worker to shutdown with reason: Scaling down because of idle timeout
AssetImportWorker is now disconnected from the server
Process exiting
Exiting without the bug reporter. Application will terminate with return code 0